Compiled successfully.
Executed successfully.

47.0 APEX_CODE,DEBUG;APEX_PROFILING,INFO
Execute Anonymous: Util.renumber();
13:36:32.28 (28528673)|USER_INFO|[EXTERNAL]|0052a000002b1xh|test-g9khbugi9uvp@example.com|(GMT-08:00) Pacific Standard Time (America/Los_Angeles)|GMT-08:00
13:36:32.28 (28574057)|EXECUTION_STARTED
13:36:32.28 (28579783)|CODE_UNIT_STARTED|[EXTERNAL]|execute_anonymous_apex
13:36:32.28 (73491899)|CODE_UNIT_STARTED|[EXTERNAL]|01q2a000000AjbS|tAction on Action trigger event BeforeUpdate|__sfdc_trigger/tAction
13:36:32.88 (88902007)|CUMULATIVE_LIMIT_USAGE
13:36:32.88 (88902007)|LIMIT_USAGE_FOR_NS|(default)|
  Number of SOQL queries: 2 out of 100
  Number of query rows: 76 out of 50000
  Number of SOSL queries: 0 out of 20
  Number of DML statements: 1 out of 150
  Number of DML rows: 75 out of 10000
  Maximum CPU time: 0 out of 10000
  Maximum heap size: 0 out of 6000000
  Number of callouts: 0 out of 100
  Number of Email Invocations: 0 out of 10
  Number of future calls: 0 out of 50
  Number of queueable jobs added to the queue: 0 out of 50
  Number of Mobile Apex push calls: 0 out of 10

13:36:32.88 (88902007)|CUMULATIVE_LIMIT_USAGE_END

13:36:32.28 (92277871)|CODE_UNIT_FINISHED|tAction on Action trigger event BeforeUpdate|__sfdc_trigger/tAction
13:36:32.28 (190487829)|CODE_UNIT_STARTED|[EXTERNAL]|01q2a000000AjbS|tAction on Action trigger event AfterUpdate|__sfdc_trigger/tAction
13:36:32.199 (199011319)|CUMULATIVE_LIMIT_USAGE
13:36:32.199 (199011319)|LIMIT_USAGE_FOR_NS|(default)|
  Number of SOQL queries: 2 out of 100
  Number of query rows: 76 out of 50000
  Number of SOSL queries: 0 out of 20
  Number of DML statements: 1 out of 150
  Number of DML rows: 75 out of 10000
  Maximum CPU time: 0 out of 10000
  Maximum heap size: 0 out of 6000000
  Number of callouts: 0 out of 100
  Number of Email Invocations: 0 out of 10
  Number of future calls: 0 out of 50
  Number of queueable jobs added to the queue: 0 out of 50
  Number of Mobile Apex push calls: 0 out of 10

13:36:32.199 (199011319)|CUMULATIVE_LIMIT_USAGE_END

13:36:32.28 (200303138)|CODE_UNIT_FINISHED|tAction on Action trigger event AfterUpdate|__sfdc_trigger/tAction
13:36:32.216 (216131933)|CUMULATIVE_LIMIT_USAGE
13:36:32.216 (216131933)|LIMIT_USAGE_FOR_NS|(default)|
  Number of SOQL queries: 2 out of 100
  Number of query rows: 76 out of 50000
  Number of SOSL queries: 0 out of 20
  Number of DML statements: 1 out of 150
  Number of DML rows: 75 out of 10000
  Maximum CPU time: 0 out of 10000
  Maximum heap size: 0 out of 6000000
  Number of callouts: 0 out of 100
  Number of Email Invocations: 0 out of 10
  Number of future calls: 0 out of 50
  Number of queueable jobs added to the queue: 0 out of 50
  Number of Mobile Apex push calls: 0 out of 10

13:36:32.216 (216131933)|CUMULATIVE_LIMIT_USAGE_END

13:36:32.28 (216176264)|CODE_UNIT_FINISHED|execute_anonymous_apex
13:36:32.28 (218685211)|EXECUTION_FINISHED

